<?xml version="1.0" encoding="UTF-8"?>
<!-- Generated by org.testng.reporters.JUnitXMLReporter -->
<testsuite hostname="THORPC" name="Main Test Group" tests="150" failures="0" timestamp="19 Apr 2014 03:28:43 GMT" time="0.301" errors="0">
  <testcase name="checkCME1" time="0.027" classname="qa.testng.test.ParallelDataProvider1Test"/>
  <testcase name="checkCME1" time="0.026" classname="qa.testng.test.ParallelDataProvider1Test"/>
  <testcase name="checkCME1" time="0.027" classname="qa.testng.test.factory.ParallelDataProvider2Test"/>
  <testcase name="checkCME1" time="0.026" classname="qa.testng.test.factory.ParallelDataProvider2Test"/>
  <testcase name="checkCME1" time="0.026" classname="qa.testng.test.ParallelDataProvider1Test"/>
  <testcase name="checkCME1" time="0.026" classname="qa.testng.test.factory.ParallelDataProvider2Test"/>
  <testcase name="checkCME1" time="0.026" classname="qa.testng.test.ParallelDataProvider1Test"/>
  <testcase name="checkCME1" time="0.027" classname="qa.testng.test.ParallelDataProvider1Test"/>
  <testcase name="checkCME1" time="0.028" classname="qa.testng.test.factory.ParallelDataProvider2Test"/>
  <testcase name="checkCME1" time="0.026" classname="qa.testng.test.factory.ParallelDataProvider2Test"/>
  <testcase name="checkCME1" time="0.028" classname="qa.testng.test.factory.ParallelDataProvider2Test"/>
  <testcase name="checkCME1" time="0.028" classname="qa.testng.test.factory.ParallelDataProvider2Test"/>
  <testcase name="checkCME1" time="0.028" classname="qa.testng.test.ParallelDataProvider1Test"/>
  <testcase name="checkCME1" time="0.027" classname="qa.testng.test.ParallelDataProvider1Test"/>
  <testcase name="checkCME1" time="0.027" classname="qa.testng.test.factory.ParallelDataProvider2Test"/>
  <testcase name="checkCME1" time="0.028" classname="qa.testng.test.ParallelDataProvider1Test"/>
  <testcase name="checkCME1" time="0.027" classname="qa.testng.test.ParallelDataProvider1Test"/>
  <testcase name="checkCME1" time="0.028" classname="qa.testng.test.factory.ParallelDataProvider2Test"/>
  <testcase name="checkCME1" time="0.027" classname="qa.testng.test.factory.ParallelDataProvider2Test"/>
  <testcase name="checkCME1" time="0.027" classname="qa.testng.test.ParallelDataProvider1Test"/>
  <testcase name="checkCME1" time="0.025" classname="qa.testng.test.factory.ParallelDataProvider2Test"/>
  <testcase name="checkCME1" time="0.025" classname="qa.testng.test.factory.ParallelDataProvider2Test"/>
  <testcase name="checkCME1" time="0.025" classname="qa.testng.test.ParallelDataProvider1Test"/>
  <testcase name="checkCME1" time="0.025" classname="qa.testng.test.ParallelDataProvider1Test"/>
  <testcase name="checkCME1" time="0.025" classname="qa.testng.test.ParallelDataProvider1Test"/>
  <testcase name="checkCME1" time="0.025" classname="qa.testng.test.factory.ParallelDataProvider2Test"/>
  <testcase name="checkCME1" time="0.025" classname="qa.testng.test.ParallelDataProvider1Test"/>
  <testcase name="checkCME1" time="0.025" classname="qa.testng.test.factory.ParallelDataProvider2Test"/>
  <testcase name="checkCME1" time="0.025" classname="qa.testng.test.factory.ParallelDataProvider2Test"/>
  <testcase name="checkCME1" time="0.026" classname="qa.testng.test.ParallelDataProvider1Test"/>
  <testcase name="checkCME1" time="0.026" classname="qa.testng.test.ParallelDataProvider1Test"/>
  <testcase name="checkCME1" time="0.025" classname="qa.testng.test.ParallelDataProvider1Test"/>
  <testcase name="checkCME1" time="0.026" classname="qa.testng.test.ParallelDataProvider1Test"/>
  <testcase name="checkCME1" time="0.026" classname="qa.testng.test.ParallelDataProvider1Test"/>
  <testcase name="checkCME1" time="0.03" classname="qa.testng.test.factory.ParallelDataProvider2Test"/>
  <testcase name="checkCME1" time="0.031" classname="qa.testng.test.factory.ParallelDataProvider2Test"/>
  <testcase name="checkCME1" time="0.03" classname="qa.testng.test.factory.ParallelDataProvider2Test"/>
  <testcase name="checkCME1" time="0.026" classname="qa.testng.test.factory.ParallelDataProvider2Test"/>
  <testcase name="checkCME1" time="0.026" classname="qa.testng.test.factory.ParallelDataProvider2Test"/>
  <testcase name="checkCME1" time="0.026" classname="qa.testng.test.ParallelDataProvider1Test"/>
  <testcase name="checkCME1" time="0.025" classname="qa.testng.test.factory.ParallelDataProvider2Test"/>
  <testcase name="checkCME1" time="0.025" classname="qa.testng.test.factory.ParallelDataProvider2Test"/>
  <testcase name="checkCME1" time="0.025" classname="qa.testng.test.ParallelDataProvider1Test"/>
  <testcase name="checkCME1" time="0.025" classname="qa.testng.test.factory.ParallelDataProvider2Test"/>
  <testcase name="checkCME1" time="0.025" classname="qa.testng.test.factory.ParallelDataProvider2Test"/>
  <testcase name="checkCME1" time="0.025" classname="qa.testng.test.ParallelDataProvider1Test"/>
  <testcase name="checkCME1" time="0.026" classname="qa.testng.test.ParallelDataProvider1Test"/>
  <testcase name="checkCME1" time="0.025" classname="qa.testng.test.ParallelDataProvider1Test"/>
  <testcase name="checkCME1" time="0.025" classname="qa.testng.test.factory.ParallelDataProvider2Test"/>
  <testcase name="checkCME1" time="0.025" classname="qa.testng.test.ParallelDataProvider1Test"/>
  <testcase name="checkCME1" time="0.025" classname="qa.testng.test.factory.ParallelDataProvider2Test"/>
  <testcase name="checkCME1" time="0.025" classname="qa.testng.test.factory.ParallelDataProvider2Test"/>
  <testcase name="checkCME1" time="0.025" classname="qa.testng.test.factory.ParallelDataProvider2Test"/>
  <testcase name="checkCME1" time="0.025" classname="qa.testng.test.ParallelDataProvider1Test"/>
  <testcase name="checkCME1" time="0.025" classname="qa.testng.test.factory.ParallelDataProvider2Test"/>
  <testcase name="checkCME1" time="0.025" classname="qa.testng.test.ParallelDataProvider1Test"/>
  <testcase name="checkCME1" time="0.026" classname="qa.testng.test.factory.ParallelDataProvider2Test"/>
  <testcase name="checkCME1" time="0.026" classname="qa.testng.test.ParallelDataProvider1Test"/>
  <testcase name="checkCME1" time="0.026" classname="qa.testng.test.ParallelDataProvider1Test"/>
  <testcase name="checkCME1" time="0.026" classname="qa.testng.test.ParallelDataProvider1Test"/>
  <testcase name="checkCME1" time="0.025" classname="qa.testng.test.factory.ParallelDataProvider2Test"/>
  <testcase name="checkCME1" time="0.025" classname="qa.testng.test.factory.ParallelDataProvider2Test"/>
  <testcase name="checkCME1" time="0.025" classname="qa.testng.test.factory.ParallelDataProvider2Test"/>
  <testcase name="checkCME1" time="0.025" classname="qa.testng.test.factory.ParallelDataProvider2Test"/>
  <testcase name="checkCME1" time="0.025" classname="qa.testng.test.factory.ParallelDataProvider2Test"/>
  <testcase name="checkCME1" time="0.025" classname="qa.testng.test.factory.ParallelDataProvider2Test"/>
  <testcase name="checkCME1" time="0.025" classname="qa.testng.test.ParallelDataProvider1Test"/>
  <testcase name="checkCME1" time="0.025" classname="qa.testng.test.ParallelDataProvider1Test"/>
  <testcase name="checkCME1" time="0.025" classname="qa.testng.test.ParallelDataProvider1Test"/>
  <testcase name="checkCME1" time="0.025" classname="qa.testng.test.factory.ParallelDataProvider2Test"/>
  <testcase name="checkCME1" time="0.025" classname="qa.testng.test.ParallelDataProvider1Test"/>
  <testcase name="checkCME1" time="0.026" classname="qa.testng.test.factory.ParallelDataProvider2Test"/>
  <testcase name="checkCME1" time="0.025" classname="qa.testng.test.ParallelDataProvider1Test"/>
  <testcase name="checkCME1" time="0.025" classname="qa.testng.test.ParallelDataProvider1Test"/>
  <testcase name="checkCME1" time="0.025" classname="qa.testng.test.ParallelDataProvider1Test"/>
  <testcase name="checkCME1" time="0.025" classname="qa.testng.test.factory.ParallelDataProvider2Test"/>
  <testcase name="checkCME1" time="0.026" classname="qa.testng.test.factory.ParallelDataProvider2Test"/>
  <testcase name="checkCME1" time="0.025" classname="qa.testng.test.ParallelDataProvider1Test"/>
  <testcase name="checkCME1" time="0.026" classname="qa.testng.test.ParallelDataProvider1Test"/>
  <testcase name="checkCME1" time="0.026" classname="qa.testng.test.ParallelDataProvider1Test"/>
  <testcase name="checkCME1" time="0.026" classname="qa.testng.test.factory.ParallelDataProvider2Test"/>
  <testcase name="checkCME1" time="0.026" classname="qa.testng.test.factory.ParallelDataProvider2Test"/>
  <testcase name="checkCME1" time="0.026" classname="qa.testng.test.factory.ParallelDataProvider2Test"/>
  <testcase name="checkCME1" time="0.026" classname="qa.testng.test.factory.ParallelDataProvider2Test"/>
  <testcase name="checkCME1" time="0.026" classname="qa.testng.test.factory.ParallelDataProvider2Test"/>
  <testcase name="checkCME1" time="0.026" classname="qa.testng.test.ParallelDataProvider1Test"/>
  <testcase name="checkCME1" time="0.026" classname="qa.testng.test.ParallelDataProvider1Test"/>
  <testcase name="checkCME1" time="0.026" classname="qa.testng.test.ParallelDataProvider1Test"/>
  <testcase name="checkCME1" time="0.027" classname="qa.testng.test.factory.ParallelDataProvider2Test"/>
  <testcase name="checkCME1" time="0.026" classname="qa.testng.test.ParallelDataProvider1Test"/>
  <testcase name="checkCME1" time="0.026" classname="qa.testng.test.ParallelDataProvider1Test"/>
  <testcase name="checkCME1" time="0.026" classname="qa.testng.test.factory.ParallelDataProvider2Test"/>
  <testcase name="checkCME1" time="0.026" classname="qa.testng.test.ParallelDataProvider1Test"/>
  <testcase name="checkCME1" time="0.027" classname="qa.testng.test.factory.ParallelDataProvider2Test"/>
  <testcase name="checkCME1" time="0.026" classname="qa.testng.test.factory.ParallelDataProvider2Test"/>
  <testcase name="checkCME1" time="0.026" classname="qa.testng.test.ParallelDataProvider1Test"/>
  <testcase name="checkCME1" time="0.026" classname="qa.testng.test.factory.ParallelDataProvider2Test"/>
  <testcase name="checkCME1" time="0.027" classname="qa.testng.test.ParallelDataProvider1Test"/>
  <testcase name="checkCME1" time="0.026" classname="qa.testng.test.ParallelDataProvider1Test"/>
  <testcase name="checkCME1" time="0.026" classname="qa.testng.test.ParallelDataProvider1Test"/>
  <testcase name="checkCME1" time="0.026" classname="qa.testng.test.factory.ParallelDataProvider2Test"/>
  <testcase name="checkCME1" time="0.026" classname="qa.testng.test.factory.ParallelDataProvider2Test"/>
  <testcase name="checkCME1" time="0.026" classname="qa.testng.test.factory.ParallelDataProvider2Test"/>
  <testcase name="checkCME1" time="0.026" classname="qa.testng.test.factory.ParallelDataProvider2Test"/>
  <testcase name="checkCME1" time="0.026" classname="qa.testng.test.factory.ParallelDataProvider2Test"/>
  <testcase name="checkCME1" time="0.027" classname="qa.testng.test.factory.ParallelDataProvider2Test"/>
  <testcase name="checkCME1" time="0.027" classname="qa.testng.test.factory.ParallelDataProvider2Test"/>
  <testcase name="checkCME1" time="0.027" classname="qa.testng.test.factory.ParallelDataProvider2Test"/>
  <testcase name="checkCME1" time="0.027" classname="qa.testng.test.factory.ParallelDataProvider2Test"/>
  <testcase name="checkCME1" time="0.027" classname="qa.testng.test.factory.ParallelDataProvider2Test"/>
  <testcase name="checkCME1" time="0.025" classname="qa.testng.test.factory.ParallelDataProvider2Test"/>
  <testcase name="checkCME1" time="0.025" classname="qa.testng.test.factory.ParallelDataProvider2Test"/>
  <testcase name="checkCME1" time="0.025" classname="qa.testng.test.factory.ParallelDataProvider2Test"/>
  <testcase name="checkCME1" time="0.025" classname="qa.testng.test.factory.ParallelDataProvider2Test"/>
  <testcase name="checkCME1" time="0.025" classname="qa.testng.test.factory.ParallelDataProvider2Test"/>
  <testcase name="checkCME1" time="0.025" classname="qa.testng.test.factory.ParallelDataProvider2Test"/>
  <testcase name="checkCME1" time="0.025" classname="qa.testng.test.factory.ParallelDataProvider2Test"/>
  <testcase name="checkCME1" time="0.025" classname="qa.testng.test.factory.ParallelDataProvider2Test"/>
  <testcase name="checkCME1" time="0.025" classname="qa.testng.test.factory.ParallelDataProvider2Test"/>
  <testcase name="checkCME1" time="0.025" classname="qa.testng.test.factory.ParallelDataProvider2Test"/>
  <testcase name="checkCME1" time="0.026" classname="qa.testng.test.factory.ParallelDataProvider2Test"/>
  <testcase name="checkCME1" time="0.026" classname="qa.testng.test.factory.ParallelDataProvider2Test"/>
  <testcase name="checkCME1" time="0.026" classname="qa.testng.test.factory.ParallelDataProvider2Test"/>
  <testcase name="checkCME1" time="0.026" classname="qa.testng.test.factory.ParallelDataProvider2Test"/>
  <testcase name="checkCME1" time="0.026" classname="qa.testng.test.factory.ParallelDataProvider2Test"/>
  <testcase name="checkCME1" time="0.026" classname="qa.testng.test.factory.ParallelDataProvider2Test"/>
  <testcase name="checkCME1" time="0.026" classname="qa.testng.test.factory.ParallelDataProvider2Test"/>
  <testcase name="checkCME1" time="0.027" classname="qa.testng.test.factory.ParallelDataProvider2Test"/>
  <testcase name="checkCME1" time="0.027" classname="qa.testng.test.factory.ParallelDataProvider2Test"/>
  <testcase name="checkCME1" time="0.027" classname="qa.testng.test.factory.ParallelDataProvider2Test"/>
  <testcase name="checkCME1" time="0.026" classname="qa.testng.test.factory.ParallelDataProvider2Test"/>
  <testcase name="checkCME1" time="0.027" classname="qa.testng.test.factory.ParallelDataProvider2Test"/>
  <testcase name="checkCME1" time="0.027" classname="qa.testng.test.factory.ParallelDataProvider2Test"/>
  <testcase name="checkCME1" time="0.027" classname="qa.testng.test.factory.ParallelDataProvider2Test"/>
  <testcase name="checkCME1" time="0.027" classname="qa.testng.test.factory.ParallelDataProvider2Test"/>
  <testcase name="checkCME1" time="0.027" classname="qa.testng.test.factory.ParallelDataProvider2Test"/>
  <testcase name="checkCME1" time="0.027" classname="qa.testng.test.factory.ParallelDataProvider2Test"/>
  <testcase name="checkCME1" time="0.027" classname="qa.testng.test.factory.ParallelDataProvider2Test"/>
  <testcase name="checkCME1" time="0.027" classname="qa.testng.test.factory.ParallelDataProvider2Test"/>
  <testcase name="checkCME1" time="0.027" classname="qa.testng.test.factory.ParallelDataProvider2Test"/>
  <testcase name="checkCME1" time="0.025" classname="qa.testng.test.factory.ParallelDataProvider2Test"/>
  <testcase name="checkCME1" time="0.026" classname="qa.testng.test.factory.ParallelDataProvider2Test"/>
  <testcase name="checkCME1" time="0.025" classname="qa.testng.test.factory.ParallelDataProvider2Test"/>
  <testcase name="checkCME1" time="0.025" classname="qa.testng.test.factory.ParallelDataProvider2Test"/>
  <testcase name="checkCME1" time="0.025" classname="qa.testng.test.factory.ParallelDataProvider2Test"/>
  <testcase name="checkCME1" time="0.025" classname="qa.testng.test.factory.ParallelDataProvider2Test"/>
  <testcase name="checkCME1" time="0.026" classname="qa.testng.test.factory.ParallelDataProvider2Test"/>
  <testcase name="checkCME1" time="0.025" classname="qa.testng.test.factory.ParallelDataProvider2Test"/>
  <testcase name="checkCME1" time="0.025" classname="qa.testng.test.factory.ParallelDataProvider2Test"/>
  <testcase name="checkCME1" time="0.026" classname="qa.testng.test.factory.ParallelDataProvider2Test"/>
</testsuite> <!-- Main Test Group -->
